<?xml version="1.0" encoding="UTF-8"?>
<testng-results total="1" passed="1" failed="0" skipped="0">
  <reporter-output>
  </reporter-output>
  <suite started-at="2020-12-11T14:04:00Z" name="Surefire suite" finished-at="2020-12-11T14:04:00Z" duration-ms="54">
    <groups>
    </groups>
    <test started-at="2020-12-11T14:04:00Z" name="Surefire test" finished-at="2020-12-11T14:04:00Z" duration-ms="54">
      <class name="org.selenide.examples.AppTest">
        <test-method signature="shouldAnswerWithTrue()[pri:0, instance:shouldAnswerWithTrue(org.selenide.examples.AppTest)]" started-at="2020-12-11T18:04:00Z" name="shouldAnswerWithTrue" finished-at="2020-12-11T18:04:00Z" duration-ms="15" status="PASS">
          <reporter-output>
          </reporter-output>
        </test-method> <!-- shouldAnswerWithTrue -->
      </class> <!-- org.selenide.examples.AppTest -->
    </test> <!-- Surefire test -->
  </suite> <!-- Surefire suite -->
</testng-results>
